<?xml version="1.0" encoding="UTF-8"?>
<!-- Generated by org.testng.reporters.JUnitXMLReporter -->
<testsuite ignored="0" hostname="CM1VA707" failures="0" tests="6" name="Demo" time="0.101" errors="0" timestamp="2023-04-19T12:04:30 IST">
  <testcase classname="Demofilesxml.Demo" name="test4" time="0.011"/>
  <testcase classname="Demofilesxml.Demo" name="test5" time="0.004"/>
  <testcase classname="Demofilesxml.Demo" name="test6" time="0.002">
    <skipped/>
  </testcase> <!-- test6 -->
  <testcase classname="Demofilesxml.Demo1" name="test1" time="0.002"/>
  <testcase classname="Demofilesxml.Demo1" name="test2" time="0.002"/>
  <testcase classname="Demofilesxml.Demo1" name="test3" time="0.003">
    <skipped/>
  </testcase> <!-- test3 -->
</testsuite> <!-- Demo -->
