<?xml version="1.0" encoding="UTF-8"?>
<testng-results ignored="0" total="2" passed="2" failed="0" skipped="0">
  <reporter-output>
  </reporter-output>
  <suite started-at="2023-04-19T13:14:23 IST" name="Default suite" finished-at="2023-04-19T13:14:23 IST" duration-ms="91">
    <groups>
    </groups>
    <test started-at="2023-04-19T13:14:23 IST" name="Default test" finished-at="2023-04-19T13:14:23 IST" duration-ms="91">
      <class name="Anotations.NewDataProvider">
        <test-method signature="f(java.lang.Integer,java.lang.String,float)[pri:0, instance:Anotations.NewDataProvider@747edf66]" started-at="2023-04-19T13:14:23 IST" name="f" data-provider="dp" finished-at="2023-04-19T13:14:23 IST" duration-ms="11" status="PASS">
          <params>
            <param index="0">
              <value>
                <![CDATA[101]]>
              </value>
            </param>
            <param index="1">
              <value>
                <![CDATA[mohsin]]>
              </value>
            </param>
            <param index="2">
              <value>
                <![CDATA[70.7]]>
              </value>
            </param>
          </params>
          <reporter-output>
          </reporter-output>
        </test-method> <!-- f -->
        <test-method signature="f(java.lang.Integer,java.lang.String,float)[pri:0, instance:Anotations.NewDataProvider@747edf66]" started-at="2023-04-19T13:14:23 IST" name="f" data-provider="dp" finished-at="2023-04-19T13:14:23 IST" duration-ms="7" status="PASS">
          <params>
            <param index="0">
              <value>
                <![CDATA[201]]>
              </value>
            </param>
            <param index="1">
              <value>
                <![CDATA[tofik]]>
              </value>
            </param>
            <param index="2">
              <value>
                <![CDATA[85.8]]>
              </value>
            </param>
          </params>
          <reporter-output>
          </reporter-output>
        </test-method> <!-- f -->
      </class> <!-- Anotations.NewDataProvider -->
    </test> <!-- Default test -->
  </suite> <!-- Default suite -->
</testng-results>
